[1;38;5;34m╭─ [1;38;5;39mping google.com[0m
[1;38;5;34m╰─ [2;38;5;245m[09:17:55][0m
[1;38;5;46m󰄬 [COMPLETED][0m
[1;38;5;196m󰅙 [FAILED][0m
[1;38;5;34m╭─ [1;38;5;39mapt update[0m
[1;38;5;34m╰─ [2;38;5;245m[09:18:02][0m
[1;38;5;46m󰄬 [COMPLETED][0m
[1;38;5;196m󰅙 [FAILED][0m
[1;38;5;34m╭─ [1;38;5;39mapt install curl[0m
[1;38;5;34m╰─ [2;38;5;245m[09:18:15][0m
[1;38;5;46m󰄬 [COMPLETED][0m
[1;38;5;196m󰅙 [FAILED][0m
[1;38;5;34m╭─ [1;38;5;39mapt upgrade -y[0m
[1;38;5;34m╰─ [2;38;5;245m[09:18:18][0m
[1;38;5;46m󰄬 [COMPLETED][0m
[1;38;5;196m󰅙 [FAILED][0m
[1;38;5;34m╭─ [1;38;5;39mssh-agent[0m
[1;38;5;34m╰─ [2;38;5;245m[09:18:21][0m
[1;38;5;46m󰄬 [COMPLETED][0m
[1;38;5;196m󰅙 [FAILED][0m
[1;38;5;34m╭─ [1;38;5;39mssh-add[0m
[1;38;5;34m╰─ [2;38;5;245m[09:18:23][0m
[1;38;5;46m󰄬 [COMPLETED][0m
[1;38;5;196m󰅙 [FAILED][0m
[1;38;5;34m╭─ [1;38;5;39mcreate ram folder[0m
[1;38;5;34m╰─ [2;38;5;245m[09:18:29][0m
[1;38;5;46m󰄬 [COMPLETED][0m
[1;38;5;196m󰅙 [FAILED][0m
[1;38;5;34m╭─ [1;38;5;39mwormhole[0m
[1;38;5;34m╰─ [2;38;5;245m[09:18:32][0m
[1;38;5;46m󰄬 [COMPLETED][0m
[1;38;5;196m󰅙 [FAILED][0m
[1;38;5;34m╭─ [1;38;5;39mlocal pc[0m
[1;38;5;34m╰─ [2;38;5;245m[09:18:37][0m
[1;38;5;34m╭─ [1;38;5;39mcontinue on local pc: start_local_pc.sh[0m
[1;38;5;34m╰─ [2;38;5;245m[09:18:37][0m
