platform: Linux 6.11.0-24-generic #24-Ubuntu SMP PREEMPT_DYNAMIC Fri Mar 14 18:13:56 UTC 2025 x86_64
version: 3.0.3.1065
[20250425 07:50:23.259] ZIP: Can't locate [version] in zip, error -100.
[20250425 07:50:23.267] Torrent session shutdown: done waiting
[20250425 07:50:23.268] Shutdown. Saving config sync.dat
[20250425 07:50:34.293] Debug log mask has been set to FFFFFFFF
[20250425 07:50:34.293] Features mask has been set to 0
[20250425 07:50:34.294] ZIP: Can't locate [version] in zip, error -100.
[20250425 07:50:34.302] Torrent session shutdown: done waiting
[20250425 07:50:34.302] Shutdown. Saving config sync.dat
[20250425 07:51:00.693] Debug log mask has been set to FFFFFFFF
[20250425 07:51:00.693] Features mask has been set to 0
[20250425 07:51:00.693] ZIP: Can't locate [version] in zip, error -100.
[20250425 07:51:00.699] Torrent session shutdown: done waiting
[20250425 07:51:00.699] Shutdown. Saving config sync.dat
[20250425 07:55:20.459] Debug log mask has been set to FFFFFFFF
[20250425 07:55:20.459] Features mask has been set to 0
[20250425 07:55:20.459] ZIP: Can't locate [version] in zip, error -100.
[20250425 07:55:20.463] Torrent session shutdown: done waiting
[20250425 07:55:20.463] Shutdown. Saving config sync.dat
